0 info it worked if it ends with ok
1 verbose cli [ '/usr/local/bin/node', '/usr/local/bin/npm', 'run', 'bs' ]
2 info using npm@4.0.2
3 info using node@v7.1.0
4 verbose run-script [ 'prebs', 'bs', 'postbs' ]
5 info lifecycle balnk-riot3-sockjs@0.0.0~prebs: balnk-riot3-sockjs@0.0.0
6 silly lifecycle balnk-riot3-sockjs@0.0.0~prebs: no script for prebs, continuing
7 info lifecycle balnk-riot3-sockjs@0.0.0~bs: balnk-riot3-sockjs@0.0.0
8 verbose lifecycle balnk-riot3-sockjs@0.0.0~bs: unsafe-perm in lifecycle true
9 verbose lifecycle balnk-riot3-sockjs@0.0.0~bs: PATH: /usr/local/lib/node_modules/npm/bin/node-gyp-bin:/home/apapacy/projects/balnk-riot3-sockjs/node_modules/.bin:/home/apapacy/.opam/4.02.3/bin:/home/apapacy/bin:/home/apapacy/.local/bin:/usr/local/sbin:/usr/local/bin:/usr/sbin:/usr/bin:/sbin:/bin:/usr/games:/usr/local/games:/snap/bin:/usr/lib/jvm/java-8-oracle/bin:/usr/lib/jvm/java-8-oracle/db/bin:/usr/lib/jvm/java-8-oracle/jre/bin
10 verbose lifecycle balnk-riot3-sockjs@0.0.0~bs: CWD: /home/apapacy/projects/balnk-riot3-sockjs
11 silly lifecycle balnk-riot3-sockjs@0.0.0~bs: Args: [ '-c',
11 silly lifecycle   'bsc  -bs-files  /home/apapacy/projects/bucklescript-addons/bindings/bs-promise/src/*.mli  -I /home/apapacy/projects/bucklescript-addons/bindings/bs-promise/src -c -bs-main main_entry.ml' ]
12 silly lifecycle balnk-riot3-sockjs@0.0.0~bs: Returned: code: 2  signal: null
13 info lifecycle balnk-riot3-sockjs@0.0.0~bs: Failed to exec bs script
14 verbose stack Error: balnk-riot3-sockjs@0.0.0 bs: `bsc  -bs-files  /home/apapacy/projects/bucklescript-addons/bindings/bs-promise/src/*.mli  -I /home/apapacy/projects/bucklescript-addons/bindings/bs-promise/src -c -bs-main main_entry.ml`
14 verbose stack Exit status 2
14 verbose stack     at EventEmitter.<anonymous> (/usr/local/lib/node_modules/npm/lib/utils/lifecycle.js:279:16)
14 verbose stack     at emitTwo (events.js:106:13)
14 verbose stack     at EventEmitter.emit (events.js:191:7)
14 verbose stack     at ChildProcess.<anonymous> (/usr/local/lib/node_modules/npm/lib/utils/spawn.js:40:14)
14 verbose stack     at emitTwo (events.js:106:13)
14 verbose stack     at ChildProcess.emit (events.js:191:7)
14 verbose stack     at maybeClose (internal/child_process.js:885:16)
14 verbose stack     at Process.ChildProcess._handle.onexit (internal/child_process.js:226:5)
15 verbose pkgid balnk-riot3-sockjs@0.0.0
16 verbose cwd /home/apapacy/projects/balnk-riot3-sockjs
17 error Linux 4.4.0-53-generic
18 error argv "/usr/local/bin/node" "/usr/local/bin/npm" "run" "bs"
19 error node v7.1.0
20 error npm  v4.0.2
21 error code ELIFECYCLE
22 error balnk-riot3-sockjs@0.0.0 bs: `bsc  -bs-files  /home/apapacy/projects/bucklescript-addons/bindings/bs-promise/src/*.mli  -I /home/apapacy/projects/bucklescript-addons/bindings/bs-promise/src -c -bs-main main_entry.ml`
22 error Exit status 2
23 error Failed at the balnk-riot3-sockjs@0.0.0 bs script 'bsc  -bs-files  /home/apapacy/projects/bucklescript-addons/bindings/bs-promise/src/*.mli  -I /home/apapacy/projects/bucklescript-addons/bindings/bs-promise/src -c -bs-main main_entry.ml'.
23 error Make sure you have the latest version of node.js and npm installed.
23 error If you do, this is most likely a problem with the balnk-riot3-sockjs package,
23 error not with npm itself.
23 error Tell the author that this fails on your system:
23 error     bsc  -bs-files  /home/apapacy/projects/bucklescript-addons/bindings/bs-promise/src/*.mli  -I /home/apapacy/projects/bucklescript-addons/bindings/bs-promise/src -c -bs-main main_entry.ml
23 error You can get information on how to open an issue for this project with:
23 error     npm bugs balnk-riot3-sockjs
23 error Or if that isn't available, you can get their info via:
23 error     npm owner ls balnk-riot3-sockjs
23 error There is likely additional logging output above.
24 verbose exit [ 1, true ]
